<?xml version="1.0" encoding="UTF-8"?>
<!-- Generated by org.testng.reporters.JUnitReportReporter -->
<testsuite hostname="DLLT-P3XY.local" failures="0" tests="1" name="ecommorce.shop.MobileBrowserTest" time="4.803" errors="0" timestamp="2023-12-19T17:03:09 IST" skipped="0">
  <testcase classname="ecommorce.shop.MobileBrowserTest" name="browserTest" time="4.803"/>
</testsuite> <!-- ecommorce.shop.MobileBrowserTest -->
