<?xml version="1.0" encoding="UTF-8"?>
<!-- Generated by org.testng.reporters.JUnitReportReporter -->
<testsuite hostname="BLLT-5CD112M01J" failures="0" tests="1" name="LearnTestNGBasics.WindowsHandlingConcept" time="11.227" errors="0" timestamp="2024-08-28T00:02:32 IST" skipped="0">
  <testcase classname="LearnTestNGBasics.WindowsHandlingConcept" name="windowhandling" time="11.227"/>
</testsuite> <!-- LearnTestNGBasics.WindowsHandlingConcept -->
