<?xml version="1.0" encoding="UTF-8"?>
<!-- Generated by org.testng.reporters.JUnitReportReporter -->
<testsuite hostname="BLLT-5CD112M01J" failures="0" tests="5" name="LearnTestNGBasics.DependsOnMethodsAttribute$dependsOnAttributes" time="0.016" errors="0" timestamp="2024-08-28T00:38:06 IST" skipped="0">
  <testcase classname="LearnTestNGBasics.DependsOnMethodsAttribute$dependsOnAttributes" name="login" time="0.002"/>
  <testcase classname="LearnTestNGBasics.DependsOnMethodsAttribute$dependsOnAttributes" name="logout" time="0.001"/>
  <testcase classname="LearnTestNGBasics.DependsOnMethodsAttribute$dependsOnAttributes" name="signup" time="0.002"/>
  <testcase classname="LearnTestNGBasics.DependsOnMethodsAttribute$dependsOnAttributes" name="searchProduct" time="0.002"/>
  <testcase classname="LearnTestNGBasics.DependsOnMethodsAttribute$dependsOnAttributes" name="addCart" time="0.009"/>
</testsuite> <!-- LearnTestNGBasics.DependsOnMethodsAttribute$dependsOnAttributes -->
