<?xml version="1.0" encoding="UTF-8"?>
<!-- Generated by org.testng.reporters.JUnitReportReporter -->
<testsuite hostname="BLLT-5CD112M01J" failures="0" tests="1" name="LearnTestNGBasics.ParametersConcept" time="20.318" errors="0" timestamp="2024-08-28T22:31:39 IST" skipped="0">
  <testcase classname="LearnTestNGBasics.ParametersConcept" name="loginTest" time="20.318"/>
</testsuite> <!-- LearnTestNGBasics.ParametersConcept -->
