<?xml version="1.0" encoding="UTF-8"?>
<!-- Generated by org.testng.reporters.JUnitReportReporter -->
<testsuite hostname="BLLT-5CD112M01J" failures="0" tests="1" name="LearnTestNGBasics.ThreadPoolTimeoutAndExpectedExceptionsAttributes" time="16.462" errors="0" timestamp="2024-08-28T13:21:53 IST" skipped="0">
  <testcase classname="LearnTestNGBasics.ThreadPoolTimeoutAndExpectedExceptionsAttributes" name="login" time="16.462"/>
</testsuite> <!-- LearnTestNGBasics.ThreadPoolTimeoutAndExpectedExceptionsAttributes -->
