<?xml version="1.0" encoding="UTF-8"?>
<!-- Generated by org.testng.reporters.JUnitReportReporter -->
<testsuite hostname="BLLT-5CD112M01J" failures="0" tests="3" name="LearnTestNGBasics.DataProviderAndIndicesConcept" time="45.389" errors="0" timestamp="2024-08-29T00:31:27 IST" skipped="0">
  <testcase classname="LearnTestNGBasics.DataProviderAndIndicesConcept" name="get" time="17.330"/>
  <testcase classname="LearnTestNGBasics.DataProviderAndIndicesConcept" name="get" time="13.511"/>
  <testcase classname="LearnTestNGBasics.DataProviderAndIndicesConcept" name="get" time="14.548"/>
</testsuite> <!-- LearnTestNGBasics.DataProviderAndIndicesConcept -->
