<?xml version="1.0" encoding="UTF-8"?>
<!-- Generated by org.testng.reporters.JUnitReportReporter -->
<testsuite hostname="BLLT-5CD112M01J" failures="0" tests="1" name="LearnTestNGBasics.InvocationCountAndInvocationTimeoutAttribute" time="19.600" errors="0" timestamp="2024-08-28T12:32:23 IST" skipped="0">
  <testcase classname="LearnTestNGBasics.InvocationCountAndInvocationTimeoutAttribute" name="login" time="19.600"/>
</testsuite> <!-- LearnTestNGBasics.InvocationCountAndInvocationTimeoutAttribute -->
