<?xml version="1.0" encoding="UTF-8"?>
<!-- Generated by org.testng.reporters.JUnitReportReporter -->
<testsuite hostname="BLLT-5CD112M01J" failures="0" tests="3" name="LearnTestNGBasics.GroupsAttribute" time="0.010" errors="0" timestamp="2024-08-28T13:40:00 IST" skipped="0">
  <testcase classname="LearnTestNGBasics.GroupsAttribute" name="searchproducts" time="0.001"/>
  <testcase classname="LearnTestNGBasics.GroupsAttribute" name="signup" time="0.001"/>
  <testcase classname="LearnTestNGBasics.GroupsAttribute" name="addtocart" time="0.008"/>
</testsuite> <!-- LearnTestNGBasics.GroupsAttribute -->
