<?xml version="1.0" encoding="UTF-8"?>
<!-- Generated by org.testng.reporters.JUnitReportReporter -->
<testsuite hostname="BLLT-5CD112M01J" failures="0" tests="5" name="LearnTestNGBasics.PriorityAttributes" time="0.018" errors="0" timestamp="2024-08-28T00:40:04 IST" skipped="0">
  <testcase classname="LearnTestNGBasics.PriorityAttributes" name="logout" time="0.011"/>
  <testcase classname="LearnTestNGBasics.PriorityAttributes" name="signup" time="0.002"/>
  <testcase classname="LearnTestNGBasics.PriorityAttributes" name="addCart" time="0.002"/>
  <testcase classname="LearnTestNGBasics.PriorityAttributes" name="searchProduct" time="0.001"/>
  <testcase classname="LearnTestNGBasics.PriorityAttributes" name="login" time="0.002"/>
</testsuite> <!-- LearnTestNGBasics.PriorityAttributes -->
