<?xml version="1.0" encoding="UTF-8"?>
<!-- Generated by org.testng.reporters.JUnitReportReporter -->
<testsuite hostname="BLLT-5CD112M01J" failures="0" tests="1" name="SeleniumConcepts.CrossBrowserTesting2" time="26.389" errors="0" timestamp="2024-09-08T15:11:33 IST" skipped="0">
  <testcase classname="SeleniumConcepts.CrossBrowserTesting2" name="handleAuthenticationPopup" time="26.389"/>
</testsuite> <!-- SeleniumConcepts.CrossBrowserTesting2 -->
