<?xml version="1.0" encoding="UTF-8"?>
<!-- Generated by org.testng.reporters.JUnitReportReporter -->
<testsuite hostname="BLLT-5CD112M01J" failures="0" tests="1" name="SeleniumConcepts.HandleAuthenticationPopUp" time="6.279" errors="0" timestamp="2024-09-08T13:14:37 IST" skipped="0">
  <testcase classname="SeleniumConcepts.HandleAuthenticationPopUp" name="handleAuthenticationPopup" time="6.279"/>
</testsuite> <!-- SeleniumConcepts.HandleAuthenticationPopUp -->
