<?xml version="1.0" encoding="UTF-8"?>
<!-- Generated by org.testng.reporters.JUnitReportReporter -->
<testsuite hostname="BLLT-5CD112M01J" failures="0" tests="3" name="LearnTestNGBasics.DataProviderConcept" time="41.267" errors="0" timestamp="2024-08-28T23:37:19 IST" skipped="0">
  <testcase classname="LearnTestNGBasics.DataProviderConcept" name="logintest" time="13.067"/>
  <testcase classname="LearnTestNGBasics.DataProviderConcept" name="logintest" time="14.261"/>
  <testcase classname="LearnTestNGBasics.DataProviderConcept" name="logintest" time="13.939"/>
</testsuite> <!-- LearnTestNGBasics.DataProviderConcept -->
