<?xml version="1.0" encoding="UTF-8"?>
<!-- Generated by org.testng.reporters.JUnitReportReporter -->
<testsuite hostname="BLLT-5CD112M01J" failures="0" tests="1" name="LearnTestNGBasics.MultipleWindowsHadling" time="14.287" errors="0" timestamp="2024-08-27T23:48:38 IST" skipped="0">
  <testcase classname="LearnTestNGBasics.MultipleWindowsHadling" name="multipleWindowsHandling" time="14.287"/>
</testsuite> <!-- LearnTestNGBasics.MultipleWindowsHadling -->
