<?xml version="1.0" encoding="UTF-8"?>
<!-- Generated by org.testng.reporters.JUnitReportReporter -->
<testsuite hostname="BLLT-5CD112M01J" failures="0" tests="1" name="test.demo" time="0.015" errors="0" timestamp="2024-08-27T23:07:53 IST" skipped="0">
  <testcase classname="test.demo" name="get" time="0.015"/>
</testsuite> <!-- test.demo -->
